2025-05-19 11:57:38,516 - ERROR - No results found for movie : (1474) title: Jungle2Jungle
2025-05-19 11:57:46,767 - ERROR - No results found for movie : (1739) title: 3 Ninjas: High Noon On Mega Mountain
2025-05-19 11:57:53,008 - ERROR - No results found for movie : (2155) title: Slums of Beverly Hills, The
2025-05-19 11:58:02,623 - ERROR - No results found for movie : (2700) title: South Park: Bigger, Longer and Uncut
2025-05-19 11:58:20,398 - ERROR - No results found for movie : (3568) title: Smiling Fish and Goat on Fire
2025-05-19 11:58:24,752 - ERROR - No results found for movie : (4160) title: Widow of St. Pierre, The
2025-05-19 11:58:41,218 - ERROR - No results found for movie : (4961) title: Pornstar: The Legend of Ron Jeremy
2025-05-19 11:58:48,130 - ERROR - No results found for movie : (5325) title: Dogtown and Z-Boyz
2025-05-19 11:58:57,168 - ERROR - No results found for movie : (5672) title: Pokemon 4 Ever
2025-05-19 11:58:57,473 - ERROR - No results found for movie : (6025) title: CB4 - The Movie
2025-05-19 11:59:39,707 - ERROR - No results found for movie : (53883) title: Power of Nightmares, The: The Rise of the Politics of Fear
2025-05-19 11:59:55,867 - ERROR - No results found for movie : (69224) title: Marius and Jeanette
2025-05-19 12:00:04,474 - ERROR - No results found for movie : (79299) title: No. 1 Ladies' Detective Agency, The
2025-05-19 12:00:08,242 - ERROR - No results found for movie : (95796) title: Anaconda: The Offspring
2025-05-19 12:00:10,164 - ERROR - No results found for movie : (95182) title: Dragon Ball Z the Movie: The Tree of Might
2025-05-19 12:00:11,633 - ERROR - No results found for movie : (86068) title: Films to Keep You Awake: The Christmas Tale
2025-05-19 12:00:20,916 - ERROR - No results found for movie : (95738) title: Adventures of Mary-Kate and Ashley, The: The Case of the Christmas Caper
2025-05-19 12:00:33,944 - ERROR - No results found for movie : (93008) title: Very Potter Sequel, A
2025-05-19 12:00:34,924 - ERROR - No results found for movie : (107449) title: Muppet Christmas: Letters to Santa, A
2025-05-19 12:00:36,803 - ERROR - No results found for movie : (142602) title: F*ck You, Goethe 2
2025-05-19 12:00:40,232 - ERROR - No results found for movie : (96518) title: Prime Suspect 6: The Last Witness
2025-05-19 12:00:41,297 - ERROR - No results found for movie : (105250) title: Century of the Self, The
2025-05-19 12:00:50,087 - ERROR - No results found for movie : (122926) title: Untitled Spider-Man Reboot
2025-05-19 12:00:50,675 - ERROR - No results found for movie : (147328) title: The Adventures of Sherlock Holmes and Dr. Watson: Bloody Signature
2025-05-19 12:00:51,534 - ERROR - No results found for movie : (127180) title: Story of Film: An Odyssey, The
2025-05-19 12:00:57,408 - ERROR - No results found for movie : (163386) title: Winnie the Pooh and the Day of Concern
2025-05-19 12:00:59,286 - ERROR - No results found for movie : (137859) title: Dragon Ball Z Gaiden: The Plot to Destroy the Saiyans
2025-05-19 12:01:01,161 - ERROR - No results found for movie : (148675) title: North Pole: Open For Christmas
2025-05-19 12:01:04,769 - ERROR - No results found for movie : (181413) title: Too Funny to Fail: The Life and Death of The Dana Carvey Show
2025-05-19 12:01:05,850 - ERROR - No results found for movie : (184641) title: Fullmetal Alchemist 2018
2025-05-19 12:01:08,551 - ERROR - No results found for movie : (162982) title: Steins;Gate the Movie: The Burden of Déjà vu
2025-05-19 12:01:09,657 - ERROR - No results found for movie : (174053) title: Black Mirror: White Christmas
2025-05-19 12:01:11,607 - ERROR - No results found for movie : (172591) title: The Godfather Trilogy: 1972-1990
2025-05-19 12:01:13,278 - ERROR - No results found for movie : (185135) title: Sherlock - A Study in Pink
